\\mac\home\desktop\mfc\halli_origin\hali\halligalli_dlg\halligalli_dlg\x64\debug\halligalli_dlg.pch
\\mac\home\desktop\mfc\halli_origin\hali\halligalli_dlg\halligalli_dlg\x64\debug\vc140.pdb
\\mac\home\desktop\mfc\halli_origin\hali\halligalli_dlg\halligalli_dlg\x64\debug\vc140.idb
\\mac\home\desktop\mfc\halli_origin\hali\halligalli_dlg\halligalli_dlg\x64\debug\stdafx.obj
\\mac\home\desktop\mfc\halli_origin\hali\halligalli_dlg\halligalli_dlg\x64\debug\arrow.obj
\\mac\home\desktop\mfc\halli_origin\hali\halligalli_dlg\halligalli_dlg\x64\debug\arrow_piece.obj
\\mac\home\desktop\mfc\halli_origin\hali\halligalli_dlg\halligalli_dlg\x64\debug\card.obj
\\mac\home\desktop\mfc\halli_origin\hali\halligalli_dlg\halligalli_dlg\x64\debug\card_list.obj
\\mac\home\desktop\mfc\halli_origin\hali\halligalli_dlg\halligalli_dlg\x64\debug\halligalli_dlg.obj
\\mac\home\desktop\mfc\halli_origin\hali\halligalli_dlg\halligalli_dlg\x64\debug\halligalli_dlgdlg.obj
\\mac\home\desktop\mfc\halli_origin\hali\halligalli_dlg\halligalli_dlg\x64\debug\main.obj
\\mac\home\desktop\mfc\halli_origin\hali\halligalli_dlg\x64\debug\halligalli_dlg.ilk
\\mac\home\desktop\mfc\halli_origin\hali\halligalli_dlg\x64\debug\halligalli_dlg.exe
\\mac\home\desktop\mfc\halli_origin\hali\halligalli_dlg\x64\debug\halligalli_dlg.pdb
\\mac\home\desktop\mfc\halli_origin\hali\halligalli_dlg\halligalli_dlg\x64\debug\halligalli_dlg.res
\\mac\home\desktop\mfc\halli_origin\hali\halligalli_dlg\halligalli_dlg\x64\debug\halligalli_dlg.tlog\cl.command.1.tlog
\\mac\home\desktop\mfc\halli_origin\hali\halligalli_dlg\halligalli_dlg\x64\debug\halligalli_dlg.tlog\cl.read.1.tlog
\\mac\home\desktop\mfc\halli_origin\hali\halligalli_dlg\halligalli_dlg\x64\debug\halligalli_dlg.tlog\cl.write.1.tlog
\\mac\home\desktop\mfc\halli_origin\hali\halligalli_dlg\halligalli_dlg\x64\debug\halligalli_dlg.tlog\link.command.1.tlog
\\mac\home\desktop\mfc\halli_origin\hali\halligalli_dlg\halligalli_dlg\x64\debug\halligalli_dlg.tlog\link.read.1.tlog
\\mac\home\desktop\mfc\halli_origin\hali\halligalli_dlg\halligalli_dlg\x64\debug\halligalli_dlg.tlog\link.write.1.tlog
\\mac\home\desktop\mfc\halli_origin\hali\halligalli_dlg\halligalli_dlg\x64\debug\halligalli_dlg.tlog\rc.command.1.tlog
\\mac\home\desktop\mfc\halli_origin\hali\halligalli_dlg\halligalli_dlg\x64\debug\halligalli_dlg.tlog\rc.read.1.tlog
\\mac\home\desktop\mfc\halli_origin\hali\halligalli_dlg\halligalli_dlg\x64\debug\halligalli_dlg.tlog\rc.write.1.tlog
